<?xml version="1.0" encoding="UTF-8"?>
<testsuite xmlns:xsi="http://www.w3.org/2001/XMLSchema-instance" xsi:noNamespaceSchemaLocation="https://maven.apache.org/surefire/maven-surefire-plugin/xsd/surefire-test-report-3.0.xsd" version="3.0" name="TestSuite" time="26.683" tests="4" errors="0" skipped="0" failures="1">
  <properties>
[...]
</properties>
  <testcase name="userLogin" classname="tests.CheckOutTest" time="4.558"/>
  <testcase name="userSearch" classname="tests.CheckOutTest" time="4.964"/>
  <testcase name="userAddProductToCart" classname="tests.CheckOutTest" time="3.941"/>
  <testcase name="userCheckOut" classname="tests.CheckOutTest" time="2.723">
    <failure message="Element &lt;input id=&quot;BillingNewAddress_FirstName&quot; name=&quot;BillingNewAddress.FirstName&quot; type=&quot;text&quot;&gt; could not be scrolled into view&#10;Build info: version: &apos;4.0.0-alpha-2&apos;, revision: &apos;f148142cf8&apos;, time: &apos;2019-07-01T20:55:26&apos;&#10;System info: host: &apos;MoazAdel&apos;, ip: &apos;127.0.1.1&apos;, os.name: &apos;Linux&apos;, os.arch: &apos;amd64&apos;, os.version: &apos;4.15.0-58-generic&apos;, java.version: &apos;1.8.0_201&apos;&#10;Driver info: org.openqa.selenium.firefox.FirefoxDriver&#10;Capabilities {acceptInsecureCerts: true, browserName: firefox, browserVersion: 68.0.2, javascriptEnabled: true, moz:accessibilityChecks: false, moz:buildID: 20190814054548, moz:geckodriverVersion: 0.24.0, moz:headless: false, moz:processID: 10829, moz:profile: /tmp/rust_mozprofile.jNY2Br..., moz:shutdownTimeout: 60000, moz:useNonSpecCompliantPointerOrigin: false, moz:webdriverClick: true, pageLoadStrategy: normal, platform: LINUX, platformName: LINUX, platformVersion: 4.15.0-58-generic, rotatable: false, setWindowRect: true, strictFileInteractability: false, timeouts: {implicit: 0, pageLoad: 300000, script: 30000}, unhandledPromptBehavior: dismiss and notify}&#10;Session ID: 148901d6-8e9d-43b4-97f5-cb97ac4ea1b2" type="org.openqa.selenium.ElementNotInteractableException"><![CDATA[org.openqa.selenium.ElementNotInteractableException: 
Element <input id="BillingNewAddress_FirstName" name="BillingNewAddress.FirstName" type="text"> could not be scrolled into view
Build info: version: '4.0.0-alpha-2', revision: 'f148142cf8', time: '2019-07-01T20:55:26'
System info: host: 'MoazAdel', ip: '127.0.1.1', os.name: 'Linux', os.arch: 'amd64', os.version: '4.15.0-58-generic', java.version: '1.8.0_201'
Driver info: org.openqa.selenium.firefox.FirefoxDriver
Capabilities {acceptInsecureCerts: true, browserName: firefox, browserVersion: 68.0.2, javascriptEnabled: true, moz:accessibilityChecks: false, moz:buildID: 20190814054548, moz:geckodriverVersion: 0.24.0, moz:headless: false, moz:processID: 10829, moz:profile: /tmp/rust_mozprofile.jNY2Br..., moz:shutdownTimeout: 60000, moz:useNonSpecCompliantPointerOrigin: false, moz:webdriverClick: true, pageLoadStrategy: normal, platform: LINUX, platformName: LINUX, platformVersion: 4.15.0-58-generic, rotatable: false, setWindowRect: true, strictFileInteractability: false, timeouts: {implicit: 0, pageLoad: 300000, script: 30000}, unhandledPromptBehavior: dismiss and notify}
Session ID: 148901d6-8e9d-43b4-97f5-cb97ac4ea1b2
	at tests.CheckOutTest.userCheckOut(CheckOutTest.java:43)
]]></failure>
  </testcase>
</testsuite>